d:\hotlineproject2\hotlineengine\hotlineenginedemo\debug\basic.cso
d:\hotlineproject2\hotlineengine\hotlineenginedemo\debug\vc120.pdb
d:\hotlineproject2\hotlineengine\hotlineenginedemo\debug\vc120.idb
d:\hotlineproject2\hotlineengine\hotlineenginedemo\debug\camera.obj
d:\hotlineproject2\hotlineengine\hotlineenginedemo\debug\d3dapp.obj
d:\hotlineproject2\hotlineengine\hotlineenginedemo\debug\d3dutil.obj
d:\hotlineproject2\hotlineengine\hotlineenginedemo\debug\gametimer.obj
d:\hotlineproject2\hotlineengine\hotlineenginedemo\debug\geometrygenerator.obj
d:\hotlineproject2\hotlineengine\hotlineenginedemo\debug\lighthelper.obj
d:\hotlineproject2\hotlineengine\hotlineenginedemo\debug\mathhelper.obj
d:\hotlineproject2\hotlineengine\hotlineenginedemo\debug\texturemgr.obj
d:\hotlineproject2\hotlineengine\hotlineenginedemo\debug\waves.obj
d:\hotlineproject2\hotlineengine\hotlineenginedemo\debug\xnacollision.obj
d:\hotlineproject2\hotlineengine\hotlineenginedemo\debug\hotlinedemo.obj
d:\hotlineproject2\hotlineengine\hotlineenginedemo\debug\effects.obj
d:\hotlineproject2\hotlineengine\hotlineenginedemo\debug\grid.obj
d:\hotlineproject2\hotlineengine\hotlineenginedemo\debug\inputlayouts.obj
d:\hotlineproject2\hotlineengine\hotlineenginedemo\debug\sprite.obj
d:\hotlineproject2\hotlineengine\hotlineenginedemo\debug\cernel.obj
d:\hotlineproject2\hotlineengine\hotlineenginedemo\debug\cdataholder.obj
d:\hotlineproject2\hotlineengine\hotlineenginedemo\debug\cprocessmanager.obj
d:\hotlineproject2\hotlineengine\hotlineenginedemo\debug\cstatemanager.obj
d:\hotlineproject2\hotlineengine\hotlineenginedemo\debug\drawallprocess.obj
d:\hotlineproject2\hotlineengine\hotlineenginedemo\debug\testface.obj
d:\hotlineproject2\hotlineengine\hotlineenginedemo\debug\cteststate.obj
d:\hotlineproject2\hotlineengine\hotlineenginedemo\debug\testmenustate.obj
d:\hotlineproject2\hotlineengine\hotlineenginedemo\debug\.netframework,version=v4.0.assemblyattributes.obj
d:\hotlineproject2\hotlineengine\hotlineenginedemo\debug\animationmanager.obj
d:\hotlineproject2\hotlineengine\hotlineenginedemo\debug\textureanimation.obj
d:\hotlineproject2\hotlineengine\hotlineenginedemo\debug\menutest.obj
d:\hotlineproject2\hotlineengine\hotlineenginedemo\debug\basestate.obj
d:\hotlineproject2\hotlineengine\hotlineenginedemo\debug\spriteobject.obj
d:\hotlineproject2\hotlineengine\hotlineenginedemo\debug\teststate.obj
d:\hotlineproject2\hotlineengine\hotlineenginedemo\debug\camera.ilk
d:\hotlineproject2\hotlineengine\hotlineenginedemo\debug\camera.exe
d:\hotlineproject2\hotlineengine\hotlineenginedemo\debug\camera.pdb
d:\hotlineproject2\hotlineengine\hotlineenginedemo\debug\camera.vcxprojresolveassemblyreference.cache
d:\hotlineproject2\hotlineengine\hotlineenginedemo\debug\camera.dll.metagen
d:\hotlineproject2\hotlineengine\hotlineenginedemo\debug\camera.tlog\camera.write.1u.tlog
d:\hotlineproject2\hotlineengine\hotlineenginedemo\debug\camera.tlog\cl.command.1.tlog
d:\hotlineproject2\hotlineengine\hotlineenginedemo\debug\camera.tlog\cl.read.1.tlog
d:\hotlineproject2\hotlineengine\hotlineenginedemo\debug\camera.tlog\cl.write.1.tlog
d:\hotlineproject2\hotlineengine\hotlineenginedemo\debug\camera.tlog\fxc.command.1.tlog
d:\hotlineproject2\hotlineengine\hotlineenginedemo\debug\camera.tlog\fxc.read.1.tlog
d:\hotlineproject2\hotlineengine\hotlineenginedemo\debug\camera.tlog\fxc.write.1.tlog
d:\hotlineproject2\hotlineengine\hotlineenginedemo\debug\camera.tlog\link.command.1.tlog
d:\hotlineproject2\hotlineengine\hotlineenginedemo\debug\camera.tlog\link.read.1.tlog
d:\hotlineproject2\hotlineengine\hotlineenginedemo\debug\camera.tlog\link.write.1.tlog
d:\hotlineproject2\hotlineengine\hotlineenginedemo\debug\camera.tlog\metagen.read.1.tlog
d:\hotlineproject2\hotlineengine\hotlineenginedemo\debug\camera.tlog\metagen.write.1.tlog
d:\hotlineproject2\hotlineengine\hotlineenginedemo\debug\camera.tlog\tzres.dll.bi
